<?xml version="1.0" encoding="UTF-8"?>
<!-- Generated by org.testng.reporters.JUnitReportReporter -->
<testsuite hostname="LAPTOP-LE5N9O90" failures="0" tests="1" name="StepDefinition.openSteps" time="6.806" errors="0" timestamp="23 May 2021 14:55:49 GMT" skipped="0">
  <testcase classname="StepDefinition.openSteps" name="navigation" time="6.806"/>
</testsuite> <!-- StepDefinition.openSteps -->
